####################################################
#                                                  
#Created by Excel Botl Processor By James Song 2011
#Campaign:SG12000601 Product:AMPA09
#DATE:6/1/2012 11:00:21 AM
#
####################################################
begin|GEN612012110021AM|1|new|SG||
product|new|AMPA09|MO|1|0|92||||||||1|00|0.0000000||||||||||
basdemo|new|$_acct1|Not empty|CHAN BEE HOON||||05||||S6930495H|12|1969-05-09|02||N|
address|new|$_addr1|356|#02-400|WOODLANDS AVENUE 5||730356|SINGAPORE||SG|63760849|||97909818
addrtype|$_acct1|$_addr1|01
insured|new|AMPA09|$_acct1|MI||||||||||||||||||
master|01|01|$_acct1|$_acct1
transaction|2012-02-01|$_acct1|print||||
trannew|SG12000601|TMVALE|||
policy|new|10|M |376212450741001|11/12|||11|  ||||CHAN BEE HOON|65|||
end
####################################################
#                                                  
#Created by Excel Botl Processor By James Song 2011
#Campaign:SG12000601 Product:AMPA09
#DATE:6/1/2012 11:00:21 AM
#
####################################################
begin|GEN612012110021AM|1|new|SG||
product|new|AMPA09|MO|1|0|92||||||||1|00|0.0000000||||||||||
basdemo|new|$_acct1|Not empty|RANJEET SINGH SHANDU||||01||||S7122077Z|12|1971-05-28|01||N|
address|new|$_addr1|407|#05-91|SERANGOON AVENUE 1||550407|SINGAPORE||SG|63283918|||97922077
addrtype|$_acct1|$_addr1|01
insured|new|AMPA09|$_acct1|MI||||||||||||||||||
master|01|01|$_acct1|$_acct1
transaction|2012-02-01|$_acct1|print||||
trannew|SG12000601|SHKLIM|||
policy|new|10|M |376217472997002|10/12|||11|  ||||RANJEET SHANDU|65|||
end
####################################################
#                                                  
#Created by Excel Botl Processor By James Song 2011
#Campaign:SG12000601 Product:AMPA09
#DATE:6/1/2012 11:00:21 AM
#
####################################################
begin|GEN612012110021AM|1|new|SG||
product|new|AMPA09|MO|1|0|92||||||||1|00|0.0000000||||||||||
basdemo|new|$_acct1|Not empty|VISHWANATHAN NURANI||||01||||S7081529Z|12|1970-09-01|01||N|
address|new|$_addr1|7|#01-07|SIMEI STREET 4||529864|SINGAPORE||SG|65110650|||97872540
addrtype|$_acct1|$_addr1|01
insured|new|AMPA09|$_acct1|MI||||||||||||||||||
master|01|01|$_acct1|$_acct1
transaction|2012-02-01|$_acct1|print||||
trannew|SG12000601|MJCBAN|||
policy|new|10|M |376213439532008|12/15|||11|  ||||NURANI VISHWANATHAN|65|||
end
