
Starting BOTLAID processing at 7:06:06 PM on 10/6/2012.
Release: 4.0.70.0    Machine: SGSINS6R801    User: LWHANX
Current Directory: D:\S6Batch
S6 Configuration: IC2SGU - SG S6R UAT   Database: IC2SGU

Run Options...
  Ini        : d:\s6work\BOTLAID.ini      Transaction : NEW
  SplitKey   : SG12019401                 BaseSplitKey : 
  ProdList   :                            Country    : SG
  Log        : d:\s6work\BOTLAID.NEW.SG12019401.log
  LanguageKey : 229                       API        : N
  Config     : IC2SGU                   


--------------------
Input Values
--------------------
Country is SG
Language is English(229)
Split: SG12019401 - ANZ: Fire Insurance 2012

--------------------
Product Summary
--------------------
Product: AZHM03 - Fire Insurance (Renewal-Revised Setup)
  - Individually rated
  - 1 Benefit Levels
  - Main Insured/Holder is eligible to be insured
  - Spouse is eligible to be insured
  - Dependent is eligible to be insured
  - Not unit rated
  - Free cover
  - Beneficiaries allowed
  - Main Insured/Holder age range is 1 to 99
  - Spouse age range is 1 to 99
  - Dependent age range is 1 to 99
  - No rating factors

--------------------
BEGIN|[2]|[3]|NEW|SG|[6]|[7]
SegmentKey: BEGIN
Segment is required
--------------------
  [2] - RunID
  Field is Required
  Data type is string[20]
  Identifies the BOTL run
  -----
  [3] - Sequence Number
  Field is Required
  Data type is int
  All transactions require a unique sequence within a run.
  -----
  [4] - Transaction Code
  Field is Required
  Must be "NEW"
  Data type is string[3]
  -----
  [5] - Country Code
  Field is Required
  Must be "SG"
  Data type is string[2]
  Value in Message Category 27 (Country)
  -----
  [6] - Policy Number
  Data type is string[15]
  Leave blank to have BOTL supply the policy number or else supply a unique value.
  -----
  [7] - Provider ID
  Data type is string[30]
  This value may, optionally, be assigned by an external provider as a cross reference from the external provider to the policy or transaction.

--------------------
BASDEMO|[2]|[3]|[4]|[5]|[6]|[7]|[8]|[9]|[10]|[11]|[12]|[13]|[14]|[15]|[16]||[18]|[19]|[20]|[21]
SegmentKey: BASDEMO
If customer is new to database, this segment must be provided.
--------------------
  [2] - Account ID
  Field is Required
  Data type is string[9]
  For new customers value is system generated value so create a macro name to represent the customer, e.g. $_acct1.
  -----
  [3] - Last Name (Surname)
  Field is Required
  Data type is string[50]
  -----
  [4] - First Name
  Field is Required
  Data type is string[50]
  -----
  [5] - Middle Name
  Data type is string[55]
  -----
  [6] - Nickname
  Data type is string[15]
  -----
  [7] - Formal Name
  Data type is string[150]
  Will be built if not provided.
  -----
  [8] - Title
  Data type is int
  Value in Message Category 3 (Caller Title)
     100995 - Dr
     100728 - Mdm
     100519 - Miss
     100855 - Mr
     100858 - Mrs
     100516 - Ms
     100568 - Prof
  -----
  [9] - Language Code
  Data type is int
  Value in Message Category 5  (Language)
     248 - Afrikaans
     256 - Austrian
     255 - Cantonese
     2068 - Catalan
     2069 - Czech
     231 - Danish
     232 - Dutch
     229 - English
     2065 - Euskera
     233 - Finnish
     234 - French
     2067 - Gallego
     235 - German
     236 - Greek
     237 - Hebrew
     238 - Hindi
     239 - Hungarian
     240 - Indonesian
     241 - Italian
     242 - Japanese
     243 - Klingon
     2147 - Malay
     254 - Mandarin
     244 - Norwegian
     245 - Philippine
     246 - Polish
     247 - Portuguese
     230 - Spanish
     249 - Swedish
     250 - Thai
     251 - Turkish
     2066 - Valenciano
     252 - Vietnamese
     253 - Welsh
  -----
  [10] - Personal ID
  Data type is string[30]
  -----
  [11] - Name Sequence Code
  Field is Required
  Data type is int
  Value in Message Category ZA (Name sequence combination)
     1578 - First , Middle
     1575 - First , Middle , Surname
     1573 - First , Surname
     1580 - First , Surname, Middle
     1583 - First, Middle, Surname-Nickname
     1579 - Middle , First
     1576 - Middle , First , Surname
     1574 - Middle , Surname
     1572 - Middle , Surname, First
     1582 - Surname
     1570 - Surname, First
     1571 - Surname, First , Middle
     1577 - Surname, Middle
     1581 - Surname, Middle , First
  -----
  [12] - Birth Date
  Data type is datetime
  -----
  [13] - Sex Code
  Data type is int
  Value in Message Category 90000 (Sex)
     600000 - Female
     600001 - Male
  -----
  [14] - EMail Address
  Data type is string[80]
  -----
  [15] - EMail Fulfillment
  Data type is string[1]
  Value is 'Y' if email fulfillment is desired, 'N' otherwise. 'N' is default.
  -----
  [16] - ProspectReference
  Data type is string[30]
  -----
  [17] - Category Code
  Must be left empty
  -----
  [18] - Personality Code
  Data type is string[2]
  -----
  [19] - Profit Code
  Data type is string[2]
  -----
  [20] - AlternateFirstName
  Data type is string[50]
  -----
  [21] - AlternateLastName
  Data type is string[50]

--------------------
ADDRESS|[2]|[3]|[4]|[5]|[6]|[7]|[8]||[10]|[11]|[12]|[13]|[14]
SegmentKey: ADDRESS
If address is new to database, this segment must be provided.
--------------------
  [2] - Address Id
  Field is Required
  Data type is int
  For new address value is system generated value so provide macro name, e.g. $_addr1.
  -----
  [3] - Address Line 1
  Field is Required
  Data type is string[80]
  -----
  [4] - Address Line 2
  Data type is string[80]
  -----
  [5] - Address Line 3
  Data type is string[80]
  -----
  [6] - Address Line 4
  Data type is string[80]
  -----
  [7] - Postal Code
  Field is Required
  Data type is string[15]
  -----
  [8] - City
  Data type is string[40]
  -----
  [9] - Province or State Code
  Must be left empty
  -----
  [10] - Country Code
  Data type is int
  Value in Message Category 27 (Country)
     2122
     88 - Afghanistan
     2459 - ALAND ISLANDS
     90 - Albania
     2460 - ALGERIA
     2461 - AMERICAN SAMOA
     2462 - ANDORRA
     91 - Angola
     2463 - ANGUILLA
     2464 - ANTARCTICA
     89 - Antigua
     92 - Argentina
     2465 - ARMENIA
     2466 - ARUBA
     100706 - Asean
     101111 - Asia
     94 - Australia
     93 - Austria
     2467 - AZERBAIJAN
     2468 - BAHAMAS
     2469 - BAHRAIN
     101034 - Bahrain
     95 - Bangladesh
     2470 - BARBADOS
     2471 - BELARUS
     96 - Belgium
     2472 - BELIZE
     2473 - BENIN
     2474 - BERMUDA
     2475 - BHUTAN
     100587 - Bhutan
     98 - Bolivia
     2476 - BONAIRE, SINT EUSTATIUS AND SABA
     2477 - BOSNIA AND HERZEGOVINA
     2478 - BOTSWANA
     2479 - BOUVET ISLAND
     101 - Brazil
     2480 - BRITISH INDIAN OCEAN TERRITORY
     99 - Brunei
     100 - Bulgaria
     2481 - BURKINA FASO
     97 - Burma
     2482 - BURUNDI
     104 - Cambodia
     2483 - CAMEROON
     102 - Canada
     2484 - CAPE VERDE
     100711 - Caribbean
     2485 - CAYMAN ISLANDS
     2486 - CENTRAL AFRICAN REPUBLIC
     2487 - CHAD
     103 - Chile
     105 - China
     2488 - CHRISTMAS ISLAND
     2489 - COCOS (KEELING) ISLANDS
     106 - Colombia
     2490 - COMOROS
     2491 - CONGO
     2492 - CONGO, THE DEMOCRATIC REPUBLIC OF THE
     2493 - COOK ISLANDS
     107 - Costa Rica
     2494 - COTE D'IVOIRE
     2495 - CROATIA
     108 - Cuba
     2496 - CURACAO
     109 - Cyprus
     110 - Czech Republic
     100710 - Czech Republic
     111 - Denmark
     2497 - DJIBOUTI
     2498 - DOMINICA
     112 - Dominican Rp
     113 - Ecuador
     114 - Egypt
     115 - El Salvador
     2499 - EQUATORIAL GUINEA
     2500 - ERITREA
     2501 - ESTONIA
     116 - Ethiopia
     100609 - Europe
     2502 - FALKLAND ISLANDS (MALVINAS)
     2503 - FAROE ISLANDS
     2504 - FIJI
     100705 - Fiji
     117 - Finland
     2626 - Former Yugoslav Republic of Macedonia
     118 - France
     2505 - FRENCH GUIANA
     2506 - FRENCH POLYNESIA
     2507 - FRENCH SOUTHERN TERRITORIES
     2508 - GABON
     119 - Gambia
     2509 - GEORGIA
     120 - Germany
     121 - Ghana
     2510 - GIBRALTAR
     122 - Greece
     2511 - GREENLAND
     2512 - GRENADA
     2513 - GUADELOUPE
     2514 - GUAM
     100832 - Guam
     123 - Guatemala
     2515 - GUERNSEY
     124 - Guinea
     2516 - GUINEA-BISSAU
     125 - Guyana
     126 - Haiti
     2517 - HEARD ISLAND AND MCDONALD ISLANDS
     2518 - HOLY SEE (VATICAN CITY STATE)
     87 - Home Office
     128 - Honduras
     127 - Hong Kong
     129 - Hungary
     131 - Iceland
     132 - India
     133 - Indonesia
     130 - Iran
     134 - Iraq
     135 - Ireland
     2519 - ISLE OF MAN
     136 - Israel
     137 - Italy
     138 - Jamaica
     140 - Japan
     2520 - JERSEY
     139 - Jordan
     2521 - KAZAKHSTAN
     141 - Kenya
     2522 - KIRIBATI
     142 - Korea
     143 - Kuwait
     2523 - KYRGYZSTAN
     2524 - LAO PEOPLE'S DEMOCRATIC REPUBLIC
     100486 - Laos
     144 - LARO
     148 - LARO Fac-Re
     2525 - LATVIA
     146 - Lebanon
     2526 - LESOTHO
     147 - Liberia
     145 - Libya
     2527 - LIECHTENSTEIN
     2528 - LITHUANIA
     149 - Luxembourg
     151 - Macau
     152 - Madagasca
     154 - Malawi
     150 - Malaysia
     2529 - MALDIVES
     100489 - Maldives
     2530 - MALI
     100986 - Mali
     157 - Malta
     2531 - MARSHALL ISLANDS
     2532 - MARTINIQUE
     2533 - MAURITANIA
     158 - Mauritius
     2534 - MAYOTTE
     159 - Mexico
     2535 - MICRONESIA, FEDERATED STATES OF
     153 - Middle East
     2536 - MOLDOVA, REPUBLIC OF
     2537 - MONACO
     155 - Mongolia
     2538 - MONTENEGRO
     2539 - MONTSERRAT
     156 - Morocco
     160 - Mozambique
     2540 - MYANMAR
     100761 - Myanmar
     2541 - NAMIBIA
     2542 - NAURU
     164 - Nepal
     161 - Netherlands
     2543 - NEW CALEDONIA
     166 - New Zealand
     163 - Nicaragua
     2544 - NIGER
     162 - Nigeria
     2545 - NIUE
     2546 - NORFOLK ISLAND
     2547 - NORTHERN MARIANA ISLANDS
     165 - Norway
     2548 - OMAN
     171 - Pakistan
     2549 - PALAU
     2550 - PALESTINIAN TERRITORY, OCCUPIED
     167 - Panama
     172 - Papua New Gn
     169 - Paraguay
     168 - Peru
     170 - Philippines
     2551 - PITCAIRN
     173 - Poland
     175 - Portugal
     174 - Puerto Rico
     2552 - QATAR
     100540 - Regional
     2553 - REUNION
     176 - Romania
     197 - Russia
     2554 - RWANDA
     2555 - SAINT BARTHELEMY
     2556 - SAINT HELENA, ASCENSION AND TRISTAN DA CUNHA
     2557 - SAINT KITTS AND NEVIS
     2558 - SAINT LUCIA
     2559 - SAINT MARTIN (FRENCH PART)
     2560 - SAINT PIERRE AND MIQUELON
     2561 - SAINT VINCENT AND THE GRENADINES
     2562 - SAMOA
     2563 - SAN MARINO
     2564 - SAO TOME AND PRINCIPE
     178 - Saudi Arabia
     2565 - SENEGAL
     2566 - SERBIA
     179 - Seychelles
     181 - Sierra Leone
     180 - Singapore
     2567 - SINT MAARTEN (DUTCH PART)
     2568 - SLOVAKIA
     2569 - SLOVENIA
     2570 - SOLOMON ISLANDS
     2571 - SOMALIA
     177 - South Africa
     101115 - South East Asia
     2572 - SOUTH GEORGIA AND THE SOUTH SANDWICH ISLANDS
     183 - Spain
     184 - Sri Lanka
     185 - Sudan
     182 - Surinam
     2573 - SVALBARD AND JAN MAYEN
     2574 - SWAZILAND
     186 - Sweden
     188 - Switzerland
     187 - Syria
     194 - Taiwan
     2575 - TAJIKISTAN
     189 - Tanzania
     190 - Thailand
     100781 - Tibet
     2576 - TIMOR-LESTE
     2577 - TOGO
     2578 - TOKELAU
     192 - Tonga
     2579 - TRINIDAD AND TOBAGO
     193 - Tunisia
     191 - Turkey
     2580 - TURKMENISTAN
     2581 - TURKS AND CAICOS ISLANDS
     2582 - TUVALU
     195 - Uganda
     2583 - UKRAINE
     2584 - UNITED ARAB EMIRATES
     100629 - United Arab Emirates
     196 - United Kingdom
     2585 - UNITED STATES MINOR OUTLYING ISLANDS
     199 - Uruguay
     200 - US Virgin Islands
     198 - USA
     2586 - UZBEKISTAN
     2587 - VANUATU
     202 - Venezuela
     201 - Vietnam
     2588 - VIRGIN ISLANDS, BRITISH
     2589 - WALLIS AND FUTUNA
     2590 - WESTERN SAHARA
     100493 - Worldwide
     100541 - Worldwide excl USA/Canada
     2591 - YEMEN
     203 - Yugoslavia
     204 - Zaire
     206 - Zambia
     205 - Zimbabwe
  -----
  [11] - Phone Number
  Data type is string[20]
  -----
  [12] - FAX Phone
  Data type is string[20]
  -----
  [13] - Company Code
  Data type is string[5]
  If present, must match entry in IC2_COMPANY_ADDR table.
  -----
  [14] - Cell Phone
  Data type is string[20]

--------------------
ADDRTYPE|[2]|[3]|[4]
SegmentKey: ADDRTYPE
Use this segment to link a customer to an address.
--------------------
  [2] - Account ID
  Field is Required
  Data type is string[9]
  Primary Account ID.  May use macro representing account id.
  -----
  [3] - Address ID
  Field is Required
  Data type is int
  -----
  [4] - Address Type Code
  Field is Required
  Data type is int
  Value in Message Category 39 (Address Types)
     100895 - Email
     219 - Home
     220 - Mail
     100875 - Property
     100968 - Temphome
     100830 - Tempwork
     100785 - Vacation
     221 - Work

--------------------
PERSDEMO|[2]|[3]|[4]|[5]|[6]|[7]|[8]|[9]|[10]|[11]|[12]
SegmentKey: PERSDEMO
--------------------
  [2] - Account ID
  Field is Required
  Data type is string[9]
  May use macro representing account id.
  -----
  [3] - Call Preference Code
  Data type is int
  Value in Message Category 15
     100598 - AM
     100992 - Not Applicable
     101084 - PM
  -----
  [4] - Nationality Code
  Data type is int
  Value in Message Category 6
     100944 - American
     101010 - Australian
     100864 - British
     100794 - Bruneian
     100531 - Burmese
     100525 - French
     101073 - Hongkongers
     100518 - Indonesian
     100657 - Japanese
     101008 - Korean
     100564 - Malaysian
     100691 - New Zealander
     100483 - Others
     100934 - Singaporean
     100869 - Taiwanese
     100520 - Thai
     101006 - Vietnamese
  -----
  [5] - Race Code
  Data type is int
  Value in Message Category 7
     100652 - Caucasian
     100512 - Chinese
     100795 - Eurasian
     101135 - Indian
     100658 - Japanese
     100859 - Malay
  -----
  [6] - Religion Code
  Data type is int
  Value in Message Category 8
     100860 - Buddhism
     100650 - Christianity
     100523 - Free Thinker
     101066 - Hinduism
     100799 - Islam
     101057 - Nicheren Shoshu
     100824 - Others
     100566 - Roman Catholicism
     100731 - Sikhism
     100856 - Taoism
  -----
  [7] - Education Code
  Data type is int
  Value in Message Category 9
     100939 - Degree
     101001 - Diploma
     101002 - GCE A Level
     100663 - GCE N Level
     101003 - GCE O Level
     100651 - Honours
     100513 - Masters
     100967 - Others
     100562 - Ph.D
     100666 - Primary
  -----
  [8] - Occupation Code
  Data type is int
  Value in Message Category CNV3
     1001968 - *Employed
     1001967 - *Self-employed
     1001970 - *Student
     1001969 - *Unemployed
     1001115 - Accountant
     1001971 - Accountant
     1001336 - Acrobat
     1001164 - Actor
     1001029 - Actuary
     1001271 - Acupuncturist
     1001972 - Advertiser
     1001122 - Advertising account executive
     1001141 - Advertising copywriter
     1001298 - Advertising salesman
     1001123 - Advocate & solicitor
     1001337 - Aerialist
     1001944 - Agricultural and fishery labourer and re
     1001973 - Agricultural Chemicals & Fertilizer Manu
     100962 - Agriculture & Fishery Workers
     1001097 - Agronomist
     1001231 - Air cargo officer
     1001923 - Aircraft cleaner
     1001605 - Aircraft electrician
     1001597 - Aircraft engine fitter
     1001594 - Aircraft engine mechanic
     1001524 - Aircraft joiner
     1001956 - Aircraft loader
     1001552 - Aircraft pipe & tube fitter
     1001573 - Aircraft rigger
     1001974 - Aircrew
     1001892 - Airport mobile equipment driver
     1001403 - Airport/ground hostess
     100000 - All Job Type
     1001884 - Ambulance driver
     1001107 - Anaethetist
     1001089 - Anatomist
     1001096 - Animal scientist
     1001798 - Anodiser
     1001132 - Anthropologist
     1001294 - Appraiser & valuer
     1001494 - Aquarium fish farm worker
     1001099 - Arboriculturist
     1001975 - Architect
     1001127 - Archivist
     1001976 - Armed Forces Personnel
     1001148 - Art instructor
     1001977 - Artist (Commercial)
     1001788 - Asbestos cement product making machine o
     1001978 - Asbestos Industry
     1001280 - Assistant accountant
     1001166 - Asst engineer, civil & structural
     1001167 - Asst engineer, electrical
     1001168 - Asst engineer, electronics
     1001169 - Asst engineer, mechanical
     1001979 - Atomic / Nuclear Energy Related Risks
     1001980 - Attorney
     1001295 - Auctioneer
     1001981 - Auctioneer
     1001616 - Audio & video equipment mechanic
     1001370 - Audit clerk
     1001116 - Auditor
     1001136 - Author
     1001776 - Automated assembly line and industrial r
     1001982 - Aviation Industry Manufacturing
     1001692 - Backet maker
     1001092 - Bacteriologist
     1001674 - Baker (general)
     1001984 - Baker (Working In Bakery)
     1001983 - Baker (Working In Shop)
     1001391 - Bank teller
     1001985 - Banker
     1001433 - Bar/lounge hostess
     1001437 - Barber
     1001432 - Bartender
     1001669 - Batik printer
     1001867 - Battery assembler
     1001860 - Bean curd making machine operator
     1001438 - Beautician
     1001986 - Beautician
     1001913 - Bell captain
     1001914 - Bellboy/hotel porter
     1001397 - Bill collector
     1001372 - Billing clerk
     1001090 - Biochemist
     1001241 - Biological technician
     1001084 - Biologist
     1001840 - Biscuit making machine operator
     1001576 - Blacksmith (general)
     1001904 - Boatswain
     1001529 - Boiler & pipe insulator
     1001765 - Boiler fireman
     1001559 - Boilermaker
     1001815 - Book embossing machine operator
     1001987 - Bookbinder
     1001814 - Bookbinding machine operator
     1001368 - Bookkeeper
     1001988 - Boots & Shoe Maker / Repairer
     1001782 - Boring and drilling machine setter-opera
     1001085 - Botanist
     1001675 - Break baker
     1001852 - Brewer
     1001989 - Brewery Workers
     1001639 - Brick & tile moulder
     1001508 - Bricklayer
     1001990 - Bricklayer
     1001693 - Brush & broom maker
     1001585 - Buffing & polishing machine operator
     1001992 - Builder
     1001991 - Builders Merchant (Own Premises Only)
     1001040 - Building architect
     1001937 - Building caretaker/watchman
     1001604 - Building electrician
     1001528 - Building insulator
     1001539 - Building maintenance worker
     1001531 - Building painter
     1001897 - Bulldozer operator
     1001420 - Bus conductor
     1001887 - Bus driver
     1001993 - Butcher (Including Slaughtering)
     1001994 - Butcher (Not Slaughtering)
     1001834 - Butter making machine operator
     1001292 - Buyer
     1001418 - Cabin attendant/steward
     1001685 - Cabinet & furniture maker
     1001471 - Canvasser
     1001228 - Captain, port
     1001935 - Car park attendant
     1001995 - Carpenter (Excluding Power-Driven Woodwo
     1001519 - Carpenter (general)
     1001817 - Carton and paper box making machine oper
     1001147 - Cartoonist
     1001388 - Cashier (general)
     1001996 - Casinos
     1001787 - Cast concrete product making machine ope
     1001997 - Cattle Dealer
     1001998 - Cement / Stone Workers
     1001515 - Cement finisher
     1001516 - Cementer (petroleum & gas wells)
     1001731 - Centrifugal casting machine operator
     1001881 - Chauffeur
     1001999 - Chauffeur
     1001757 - Chemical filtering & separating equipmen
     1001756 - Chemical heat treating plant operator
     1002000 - Chemical Manufacturing
     1001803 - Chemical products machine operator nec
     1001758 - Chemical still & reactor operator
     1002001 - Chemist
     1001024 - Chemist, analytical
     1001021 - Chemist, general
     1001022 - Chemist, organic
     1001023 - Chemist, physical
     1001212 - Chief engineer officer (ship)
     1001417 - Chief steward (ship)
     1001444 - Child-care worker
     1001270 - Chinese physician
     1002002 - Chiropodist
     1001254 - Chiropractor
     1001836 - Chocolate making machine operator
     1001155 - Choreographer
     1001462 - Cinema projectionist
     1001543 - Cladding & curtain wall erector
     1001743 - Clay mixer
     1001919 - Cleaner (industrial establishment)
     1002003 - Cleaner (Industrial)
     1002004 - Cleaner (Offices - Light)
     1001300 - Clearing & forwarding agent
     1002005 - Clergyman
     100961 - Clerical Workers
     1002006 - Clerk
     1001176 - Clerk of works
     1001208 - Clerk, telegraph
     1001407 - Client information clerk nec
     1001690 - Clog maker
     1001334 - Clown
     1002007 - Coal Merchant
     1001715 - Cobbler
     1001377 - Coding clerk (data processing)
     1001677 - Coffee & tea taster
     1001859 - Coffee/cocoa bean roasting and grinding
     1001858 - Coffee/tea blending machine operator
     1001322 - Commercial artist
     1001325 - Commercial products designer
     1002008 - Communication Services (Radio & TV)
     1001316 - Community social worker
     1002009 - Company Director (Non-Manual)
     1001330 - Compere
     1001149 - Composer
     1001771 - Compressor operator
     1001613 - Computer & related electronic equipment
     1002010 - Computer Analyst / Programmer / Operator
     1002011 - Computer Manufacturing
     1001034 - Computer systems designer and analyst
     1001513 - Concrete form worker
     1001790 - Concrete mixing plant operator (incld. c
     1002012 - Confectioner
     1001837 - Confectionery making machine operator
     1002013 - Construction
     1001520 - Construction carpenter
     1001521 - Construction joiner
     1001953 - Construction labourer and related worker
     1001564 - Constructional steel erector
     1001733 - Continuous rod casting machine operator
     1001222 - Controller, air traffic
     1001429 - Cook (hotel & catering services)
     1001557 - Coppersmith
     1001547 - Coremaker
     1001117 - Cost accountant
     1002014 - Crane Operator (Excluding Tower Cranes)
     1002015 - Credit Agencies (Other Than Banks)
     1001137 - Critic
     1001495 - Crocodile farm worker
     1002016 - Crude Petroleum / Oil / Natural Gas Extr
     1001755 - Crushing, grinding & chemical mixing equ
     1001728 - Cupola furnaceman
     1001128 - Curator (art gallery & museum)
     2451 - Customer Service
     1002017 - Cutlery (Hand Tools / General Hardware /
     1001587 - Cutting instrument sharpender
     1001760 - Cylinder filler & tester (compressed & l
     1001833 - Dairy product pasteurizing machine opera
     1001832 - Dairy product processing machine operato
     1002018 - Dairyman (Manual)
     1002019 - Dairyman (Not Manual)
     1001157 - Dance instructor
     1001156 - Dancer
     1002020 - Dancing Instructor
     1001379 - Data processing control clerk
     1001037 - Database administrator
     1002021 - Decorator
     1001498 - Deep sea fishery worker
     1001723 - Deep-boring machine operator
     1001541 - Demolition worker
     1001466 - Demonstrator
     1001263 - Dental nurse
     1001269 - Dental technician
     1001109 - Dentist
     1002022 - Dentist
     1001719 - Derrickman (petroleum & gas wells)
     1001191 - Designer, automation
     1001732 - Die casting machine operator
     1001256 - Dietician
     1000978 - Director
     1001162 - Director motion picture, radio & tv
     1001161 - Director stage
     2452 - Disabled
     1001332 - Disc jockey
     1001327 - Display artist
     1002023 - Diving & Related Occupations
     100823 - DO NOT USE orgl-see SG occ cd
     1002024 - Dock Workers
     1001227 - Dockmaster, dry dock
     1002025 - Doctor
     1001349 - Dog trainer
     1001909 - Domestic helper (general)
     1001938 - Doorman
     1002026 - Draftsman
     1001898 - Dredge operator
     1002027 - Drinking Establishments
     1002029 - Driving (Local)
     1002028 - Driving Instructor
     1001885 - Driving instructor and tester
     1002030 - Drug Manufacturing
     1002031 - Dry Cleaner (Working with Chemicals & Dr
     1001331 - Dubbing artiste
     1001827 - Dyeing machine operator
     1001088 - Ecologist
     1001130 - Economist
     1001113 - Education methods adviser
     1002032 - Electric / Gas & Water Utilities (Repair
     1001624 - Electric cable jointer
     1001621 - Electric power lineman
     1001622 - Electric traction lineman
     1002033 - Electrical & Electronic Goods (Manufactu
     1001865 - Electrical equipment/component assembler
     1001602 - Electrical fitter (general)
     1001609 - Electrical household appliance repairman
     1001603 - Electrical lift, escalator & related equ
     1001870 - Electrical/electronic products quality c
     1002034 - Electrician
     1001866 - Electronic equipment/component assembler
     1001614 - Electronic signalling systems fitter
     1001611 - Electronics fitter (general)
     1001793 - Electro-plater
     1001657 - Electrotyper
     1001443 - Embalmer
     1001964 - Employed
     1001301 - Employment agent and labour contractor
     1001047 - Engineer, aerodrome construction
     1001062 - Engineer, aeronautical
     1001064 - Engineer, air-conditioning & refrigerati
     1001057 - Engineer, audio & video equipment
     1001076 - Engineer, automation
     1001063 - Engineer, automotive
     1001045 - Engineer, building construction
     1001065 - Engineer, chemical
     1001043 - Engineer, civil
     1001055 - Engineer, computer
     1001051 - Engineer, electrical
     1001053 - Engineer, electronics
     1001220 - Engineer, flight
     1001046 - Engineer, highway, street & bridge const
     1001066 - Engineer, industrial
     1001059 - Engineer, industrial machinery & tools
     1001070 - Engineer, industrial safety
     1001060 - Engineer, marine
     1001214 - Engineer, marine superintendent
     1001058 - Engineer, mechanical
     1001078 - Engineer, metal-mining
     1001067 - Engineer, methods
     1001077 - Engineer, non-metalliferous mining
     1001079 - Engineer, petroleum & natural gas
     1001052 - Engineer, power generation & distributio
     1001069 - Engineer, production
     1001048 - Engineer, railway construction
     1001056 - Engineer, semi-conductor
     1001049 - Engineer, sewerage & sanitary
     1001050 - Engineer, soil mechanic & piling
     1001044 - Engineer, structural
     1001054 - Engineer, telecommunications
     1001068 - Engineer, work study
     1002035 - Engineering
     1002036 - Engines
     1002037 - Entertainers
     1001087 - Entomologist
     1001376 - Enumerator/market research interviewer
     1002038 - Estate Agent
     1001895 - Excavating machine operator
     1001296 - Exhibition/convention organiser/co-ordin
     1002039 - Explosives (Use & Manufacturing)
     1001276 - Extracurriculum teacher
     1001739 - Extruder operator (metal)
     1001709 - Fabrics examiner
     1001710 - Fabrics repairer
     1002040 - Farmer (Not Manual)
     1001247 - Farming & forestry adviser
     1001326 - Fashion & garment designer
     1001474 - Fashion model
     1001862 - Feed mixing machine operator
     1001853 - Fermenting-room man
     1001696 - Fibre preparer
     1001745 - Fibreglass maker
     1001477 - Field crop farm worker (general)
     1001365 - Filing clerk
     1001118 - Financial analyst
     1001235 - Fire & safety officer
     1001891 - Fire-engine driver
     1001449 - Fireman (fire bridgade)
     1001493 - Fish & prawn farm worker
     1001863 - Fish meal making machine operator
     1002041 - Fishing Industry
     1001555 - Flame cutter
     1001219 - Flight navigator
     1001230 - Flight operations officer
     1001510 - Floor & wall tile setter
     1001483 - Flower & orchid farm worker
     1001221 - Flying instructor
     1002042 - Food & Drink Industry (Manufacture)
     1001434 - Food & drinks stall assistant
     1001681 - Food processing & related trades worker
     1001282 - Foreign exchange dealer
     1001492 - Forestry worker & logger
     1001578 - Forging-press operator
     1001902 - Fork lift truck operator
     1002043 - Fruit Merchant
     1001481 - Fruit tree farm worker
     1001843 - Fruit-press operator
     1002044 - Funeral Director
     1001729 - Furnaceman (metal reheating)
     1001727 - Furnaceman, metal melting
     1002045 - Furnisher
     1002046 - Furniture & Fixture Manufacturing
     1001703 - Furniture upholsterer
     1001698 - Furrier & related worker
     1001796 - Galvanizer
     1001926 - Garbage disposal worker
     1001940 - Gardener
     1002047 - Gardener (Jobbing
     1001701 - Garment cutter
     1001700 - Garment marker
     1001699 - Garment pattern maker
     1002048 - Gas Fitters
     1001550 - Gas pipe fitter
     1001634 - Gem cutter & polisher
     1001633 - Gemm setter
     1000979 - Gen mgr in agriculture and quarrying
     1000981 - Gen mgr in construction
     1000986 - Gen mgr in finance, real estate and biz
     1000984 - Gen mgr in lodging and catering svs
     1000980 - Gen mgr in manufacturing
     1000983 - Gen mgr in retail trade
     1000985 - Gen mgr in transport and communications
     1000982 - Gen mgr in wholesale trade
     1002049 - General Manufacturing (Skilled & Semi-Sk
     1001104 - General physician
     1002050 - General Store Worker (Unless Listed Else
     1001105 - General surgeon
     1001025 - Geologist
     1001026 - Geophysicist
     1001850 - Germination worker (malting)
     1001648 - Glass & ceramic painter & decorator
     1001741 - Glass & ceramics kiln & related machine
     1001641 - Glass blower
     1001647 - Glass engraver and etcher
     1001642 - Glass lens moulder
     1001742 - Glass mixer
     1001744 - Glaze maker
     1002051 - Glazier & Glass Manufacturing (Excluding
     1001957 - Godown labourer
     1001635 - Goldsmith & silversmith
     1001303 - Government executive officer
     1002052 - Government Workers (Excluding Plumbing
     1001839 - Grain and spice milling machine operator
     1001941 - Grass cutter
     1002053 - Grocer
     1001436 - Hair stylist/hairdresser
     1002054 - Hairdresser
     1001577 - Hammersmith
     1001650 - Hand compositor
     1001961 - Hand pakcer
     1001470 - Hawker/stall holder (other than prepared
     1001469 - Hawker/stall holder (prepared food or dr
     2453 - Health Care
     1001905 - Helmsman
     1001133 - Historian
     1001571 - Hoisting equipment rigger (construction)
     1001569 - Hoisting equipment rigger (general)
     1001348 - Horse trainer
     1001244 - Horticultural technician
     1001098 - Horticulturist
     1001934 - Hospital attendant
     1001794 - Hot-dip plater
     1002055 - Hotel Proprietor
     1001401 - Hotel receptionist
     1001426 - House steward
     1001538 - Housebuilder (general)
     1002056 - Household Appliances Manufacturing
     1001425 - Housekeeper (hotels & other establishmen
     1001427 - Housekeeping matron
     1002057 - Housewife
     1001499 - Hunter & trapper
     1001846 - Hydrogenation operator (oils and fats)
     1001861 - Ice making machine operator
     1001835 - Ice-cream making machine operator
     1001593 - Industrial & office machinery mechanic
     1001456 - Industrial investigator
     1001260 - Industrial nurse
     1001324 - Industrial products designer
     1001038 - Information technology researcher
     1001497 - Inland & coastal waters fishery worker/k
     1001152 - Instrumentalist
     1002058 - Insurance Broker / Agent
     1001363 - Insurance clerk
     1001457 - Insurance investigator
     1001285 - Insurance sales agent & broker
     1001323 - Interior decorator
     1001321 - Interpreter
     1002059 - Jeweler
     1001636 - Jewellery engraver
     1001632 - Jewellery worker (general)
     1001581 - Jig & gauge maker
     1002060 - Jockey
     1001138 - Journalist
     1001126 - Judge
     1001345 - Keeper in zoological, bird & aquatic par
     1001359 - Key-punch & punched-card machine operato
     1001682 - Kiln drier
     1001851 - Kilnman (malting)
     1001274 - Kindergarten teacher
     1001916 - Kitchen assistant
     1001823 - Knitting machine operator
     1001933 - Laboratory attendant
     1001042 - Landscape architect
     1001950 - Latex tank cleaner
     1001779 - Lathe setter-operator
     1001910 - Laundress (household)
     1001912 - Laundry and dry cleaning worker
     1002061 - Laundry Staff
     1001124 - Lawyer
     1002062 - Lawyer / Attorney
     1002063 - Leather & Fur Trade
     1001716 - Leather goods maker/assembler
     1001114 - Lecturer
     1001369 - Ledger & accounts clerk
     1001362 - Legal clerk
     1001125 - Legal officer
     101069 - Legislator, Mgr.& Sr.Officials
     1001644 - Lens grinding machine operator
     1001645 - Lens polishing machine operator
     1001129 - Librarian
     1001364 - Library clerk
     1001458 - Life guard
     1001907 - Lighterman
     1002064 - Linen Supplier
     1001651 - Linotype operator
     1001658 - Lithographic stone engraver
     1001232 - Load-sheet officer (aircraft)
     1001583 - Locksmith
     1002065 - Logging & Saw Mills
     1001958 - Lorry attendant
     1001889 - Lorry driver
     1001841 - Macaroni, noodle and vermicelli making m
     1001825 - Machien embroiderer
     1001873 - Machine labeller
     1001777 - Machine supervisors and general foremen
     1001599 - Machinery erector & installer
     1001596 - Machinery fitter (general)
     1001591 - Machinery mechanic (general)
     1001335 - Magician
     1001440 - Make-up man (stage & studio)
     1001310 - Management executive
     1000995 - Manager, administration
     1000991 - Manager, bar
     1001033 - Manager, computer operations
     1000992 - Manager, discotheque
     1001119 - Manager, fund
     1000988 - Manager, hotel
     1000997 - Manager, industrial relations
     1000989 - Manager, lodging and boarding house
     1000996 - Manager, personnel/human resource
     1000998 - Manager, property/estate
     1000990 - Manager, restaurant and/or nightclub
     1000994 - Manager, retail trade
     1001032 - Manager, systems development
     1001120 - Manager, treasury
     1000993 - Manager, wholesale trade
     1000977 - Managing director
     1001439 - Manicurist
     1001952 - Manufacturing labourer and related worke
     1001598 - Marine engine fitter
     1001213 - Marine engineer officer
     1001551 - Marine pipe fitter
     1001218 - Marine superintendent
     1001229 - Marine surveyor
     1002066 - Marine Surveyor
     1001121 - Market research analyst
     1001343 - Martial arts instructor
     1001252 - Masseur (medical)
     1001445 - Masseur (non-medical)
     1001385 - Material planning clerk
     1001027 - Mathematician
     1001705 - Mattress maker
     1001871 - Mechanical products quality checker and
     1001290 - Medical detailer
     1001093 - Medical pathologist
     1001240 - Medical science technician
     1001402 - Medical/dental receptionist
     1001930 - Messenger
     1002067 - Metal Cans & Shipping Containers Manufac
     1001800 - Metal cleaner
     1001659 - Metal engraver
     1001736 - Metal heat treating plant operator
     1001546 - Metal moulder
     1001582 - Metal pattern maker
     1001730 - Metal pourer
     1001734 - Metal rolling mill worker
     1001565 - Metal shipwright
     1001797 - Metal sprayer
     1001080 - Metallurgist
     1001778 - Metalworking machine setter-operator (ge
     1001020 - Meteorologist
     1001414 - Meter reader
     1001262 - Midwife
     1001780 - Milling machine setter-operator
     1001501 - Miner
     1001725 - Mineral ore & stone processing plant ope
     1002068 - Mining (Coal / Zinc / Diamond / Gold / e
     1001165 - Minister of religion
     1001476 - Mixed farming worker
     1001875 - Mobile machinery supervisor and general
     1001283 - Money broker
     1001393 - Money changer
     1001396 - Moneylender
     1001652 - Monotype keyboard operator
     1001506 - Monument carver-setter
     1002069 - Motion Picture Industry
     1002070 - Motor Vehicle
     1001921 - Motor vehicle cleaner/polisher
     1001592 - Motor vehicle mechanic
     1001534 - Motor vehicle spray painter
     1001880 - Motorcycle delivery man
     1001894 - Motorised farm machinery operator
     1001234 - Mrt operations officer
     1001877 - Mrt train operator
     1002071 - Museum Worker (Non-Manual)
     1001479 - Mushroom farm worker
     1001154 - Music instructor
     1001631 - Musical instrument maker, repairer & tun
     1001452 - Narcotics officer
     1001061 - Naval architect
     1001472 - Newsvendor
     1001351 - Non-ordained religious associate profess
     2454 - Non-Profit/Volunteer
     1001785 - Numerical control machine setter-operato
     1002072 - Nurse
     1001484 - Nursery workers
     1001251 - Occupational therapist
     1001389 - Office cashier
     1001918 - Office cleaner
     1001361 - Office clerk (general)
     1002073 - Office Machinery
     1002074 - Office Managers & Employees
     1001932 - Office/library attendant
     1002075 - Oil & Gas Rig Workers
     1001574 - Oil & gas well drilling rigger
     1001844 - Oil pressman (edible oils)
     1001028 - Operations research analyst
     1001198 - Operator, console
     1001210 - Operator, flight radio
     1001202 - Operator, motion picture camera
     1001204 - Operator, radio & tv studio equipment
     1001207 - Operator, radio telephone (land-based)
     1001205 - Operator, sound recording equipment
     1001203 - Operator, television camera
     1001201 - Operator, video camera
     1001643 - Optical glass cutter
     1002076 - Optical Goods Manufacturing
     1001629 - Optical instrument maker & repairer
     1001249 - Optician
     1002077 - Optician
     1001248 - Optometrist
     1001151 - Orchestra & band conductor
     1001150 - Orchestrator
     1001102 - Orchidologist
     1001726 - Ore & metal furnace operator
     1001268 - Orthopaedic appliance maker and repairer
     1001714 - Orthopaedic footwear maker
     1001267 - Orthopaedic technician
     1001253 - Osteopath
     1001374 - Other accounting & finance clerks
     1001313 - Other administrative & related associate
     1001367 - Other administrative clerks
     1001246 - Other agronomy and related technicians
     1001350 - Other animal/bird keepers & trainers
     1001496 - Other aquatic life cultivation workers
     1001869 - Other assemblers
     1001352 - Other associate professional nec
     1001344 - Other athletes & related associate profe
     1001936 - Other attendants nec
     1001617 - Other audio & video equipment servicers
     1001842 - Other baked and cereal products mahcine
     1001695 - Other basketry weavers & related trades
     1001816 - Other binding and related machine operat
     1001579 - Other blacksmiths, hammersmiths & forgin
     1001856 - Other brewers and wine and other beverag
     1001511 - Other bricklayers, stonemasons & tile se
     1001237 - Other building and fire inspectors
     1001544 - Other building trades workers nec
     1001888 - Other bus, tram and related drivers
     1001302 - Other business service agents
     1001691 - Other cabinet makers & related workers
     1001886 - Other car, taxi and light goods vehicle
     1001526 - Other carpenters & joiners
     1001398 - Other cashiers & related clerks nec
     1001390 - Other cashiers & ticket clerks
     1001763 - Other chemical processing plant operator
     1001415 - Other clerical workers nec
     1001338 - Other clowns, magicians & related associ
     1001655 - Other compositors, typesetters & related
     1001380 - Other computer operations clerks
     1001517 - Other concrete placers, concrete finishe
     1001430 - Other cooks
     1001838 - Other dairy and confectinery products ma
     1001360 - Other data entry operators
     1001328 - Other decorators & commercial designers
     1001264 - Other dental assistants
     1001911 - Other domestic helpers and cleaners
     1001901 - Other earth moving and related machinery
     1001625 - Other electrical line installers, repair
     1001610 - Other electricians & electrical fitters
     1001615 - Other electronics fitters, mechanics & s
     1001480 - Other field crop & vegetable farm worker
     1001297 - Other finance & sales associate professi
     1001450 - Other fire fighters
     1001678 - Other food & beverage tasters & graders
     1001864 - Other food and related products machine
     1001848 - Other fruit, vegetable and nut processin
     1001927 - Other garbage collectors
     1000987 - Other general managers
     1001649 - Other glass engravers & related decorati
     1001646 - Other glass makers, cutters, grinders &
     1001306 - Other government associate professionals
     1001441 - Other hairdressers, beauticians & relate
     1001893 - Other heavy truck drivers
     1001917 - Other helpers & cleaners in hotels & rel
     1001920 - Other helpers and cleaners nec
     1001485 - Other horticultural & nursery farm worke
     1001428 - Other house stewards & related workers
     1001530 - Other insulation workers
     1001286 - Other insurance representatives
     1001637 - Other jewellery & precious metal workers
     1001962 - Other labourers and related workers nec
     1001943 - Other landscape, park and garden mainten
     1001243 - Other life science technicians
     1001903 - Other lifting truck operators
     1001487 - Other livestock & dairy farm workers
     1001874 - Other machine operators nec
     1001601 - Other machinery fitters
     1001595 - Other machinery mechanics
     1001786 - Other machine-tool setter-operators
     1001411 - Other mail distribution clerks
     1001959 - Other material and freight handling work
     1001673 - Other meat & fish preparers
     1001740 - Other metal drawers & extruders
     1001801 - Other metal finishers, platers and coate
     1001590 - Other metal grinders, polishers & tool s
     1001735 - Other metal melters, casters & rolling m
     1001791 - Other mineral products machin operators
     1001475 - Other models
     1001272 - Other modern health associate profession
     1001261 - Other nurses
     1001537 - Other painters & related workers
     1001819 - Other paper and paperboard products mahc
     1001754 - Other papermaking plant operators
     1001448 - Other personal care & household service
     1001255 - Other physiotherapists & related associa
     1001553 - Other plumbers & pipe fitters
     1001640 - Other potters & related workers
     1001491 - Other poultry farm workers
     1001630 - Other precision instrument makers & repa
     1001275 - Other pre-primary education teachers
     1001666 - Other printing engravers & etchers
     1001387 - Other production clerks
     1001460 - Other protective service & related worke
     1001872 - Other quality checkers adn testers
     1001333 - Other radio & television announcers & re
     1001879 - Other railway brakers and related worker
     1001404 - Other receptionists & information clerks
     1001575 - Other riggers & cable splicers
     1001808 - Other rubber and plastics products machi
     1001951 - Other rubber processing workers
     1001284 - Other securities & finance dealers & bro
     1001463 - Other service workers nec
     1001561 - Other sheet metal workers
     1001908 - Other ships' deck crew and related worke
     1001717 - Other shoemakers & related workers
     1001468 - Other shop sales workers & demonstrators
     1001670 - Other silk screen, block & textile print
     1001319 - Other social work associate professional
     1001473 - Other stall & market sales workers
     1001378 - Other statistical clerks
     1001309 - Other statistical, mathematical & relate
     1001769 - Other steam turbine, boiler & engine ope
     1001384 - Other stock clerks
     1001507 - Other stone plitters, cutters & carvers
     1001568 - Other structural metal preparers & erect
     1001929 - Other sweepers and related workers
     1001279 - Other teaching associate professionals n
     1001291 - Other technical & commercial sales repre
     1001620 - Other telegraph & telephone installers &
     1001406 - Other telephone operators
     1001394 - Other tellers & counter clerks
     1001702 - Other textile leather & related pattern
     1001829 - Other textile treating machine operators
     1001711 - Other textile, garment & related trades
     1001680 - Other tobacco preparers & tobacco produc
     1001857 - Other tobacco products machine operators
     1001584 - Other toolmakers & related workers
     1001422 - Other transport conductors & related wor
     1001925 - Other transport equipment cleaners
     1001424 - Other travel guides
     1001482 - Other tree & shrub crop farm workers
     1001706 - Other upholsterers & related workers
     1001435 - Other waiters & bartenders
     1001939 - Other watchmen and related workers
     1001775 - Other water treatment plant and related
     1001724 - Other well drillers & borers & related w
     1001751 - Other wood processing plant operators
     1001812 - Other wood products machine operators
     1001684 - Other wood treaters
     1001358 - Other word processor & related operators
     2458 - Other/Not Listed
     1001146 - Painter
     1002078 - Painter
     1001560 - Panel beater
     1001818 - Paper product making machine operator
     1001752 - Paper pulp plant operator
     1001753 - Papermaking machine operator
     1001459 - Park ranger
     1001525 - Parquetry worker
     1001854 - Pasteuizer attendant (malt liquor)
     1001676 - Pastry & confectionery maker
     1001395 - Pawnbroker
     1002079 - Pawnbroker
     1001960 - Pedal vehicle driver
     1001712 - Pelt dresser, tanner & fellmonger
     1001347 - Performer/trainer in crocodile farm
     1001346 - Performer/trainer in zoological, bird &
     1002080 - Personnel Agency
     1001366 - Personnel clerk
     1001311 - Personnel officer
     1001447 - Pest exterminator
     1001413 - Petition & letter writer
     1001467 - Petrol service station attendant
     1002081 - Petrol Station Attendant
     1002082 - Petroleum & Coal Products (Refining Gas
     1001759 - Petroleum & natural gas refining plant o
     1001792 - Pharmaceutical and toiletry products mac
     1001266 - Pharmaceutical assistant/dispenser
     2455 - Pharmaceutical/Biotechnology
     1001111 - Pharmacist
     1001095 - Pharmacologist
     1001660 - Photo-engraver
     1001075 - Photogrammetrist
     1002083 - Photographer (Studio Only)
     1001200 - Photographer, commercial
     1001199 - Photographer, general
     1001802 - Photographic products machine operator
     1001661 - Photogravure cameraman
     1001664 - Photogravure etcher
     1001662 - Photogravure retoucher
     1001663 - Photo-mechanical transferrer
     1001654 - Photo-type-setting machine operator
     1001342 - Physical fitness instructor
     1001018 - Physicist electricity and magnetism
     1001019 - Physicist electronics
     1001013 - Physicist general
     1001015 - Physicist heat
     1001016 - Physicist light
     1001014 - Physicist mechanics
     1001017 - Physicist sound
     1001091 - Physiologist
     1001250 - Physiotherapist
     1002084 - Physiotherapist
     1001689 - Picture frame maker
     1001486 - Pig farm worker
     1001899 - Pile driver operator
     1001542 - Pipe & drain layer
     1001549 - Pipe fitter (general)
     1002085 - Pipeline Construction
     1001781 - Planing machine setter-operator
     100821 - Plant and Machine Operators
     1001100 - Plant pathologist
     1001245 - Plant tissue culture technician
     1001103 - Plant tissue culturist
     1001527 - Plasterer
     1001807 - Plastics product making machine operator
     1002086 - Plumber
     1001548 - Plumber (general)
     1001748 - Plywood core layer
     1001749 - Plywood press operator
     1002087 - Police & Firefighters
     1001305 - Police inspectors & detectives
     1001451 - Policeman
     1001134 - Political scientist
     1001931 - Porter (except hotel)
     1001392 - Postal clerk
     1001408 - Postal/courier service supervisor
     1001409 - Postman
     1002088 - Pottery Manufacturing
     1001638 - Pottery worker
     1001488 - Poultry farm worker (general)
     1001489 - Poultry hatchery worker
     1001490 - Poultry inseminator
     1001764 - Power generating plant operator
     1001784 - Precision grinding machine setter-operat
     1001628 - Precision instrument maker, assembler &
     1001810 - Precision wood sawyer
     1001236 - Premises maintenance officer
     1001273 - Primary school teacher
     1002089 - Printer (Not Operating Presses)
     1002090 - Printer (Operating Presses)
     1001813 - Printing machine operator
     1001665 - Printing plate retoucher
     1001455 - Private inquiry agent
     1001453 - Private police
     1001454 - Private security guard
     1001277 - Private tutor
     1001410 - Process server
     1001159 - Producer motion picture
     1001160 - Producer radio & television
     1001158 - Producer theatrical
     1001163 - Producer/director of commercials
     1001718 - Production craftsman & related worker ne
     100964 - Production Craftsmen & others
     1001386 - Production planning clerk
     1002091 - Products Manufacturing
     1001258 - Professional nurse (general)
     1001339 - Professional sportsman
     1002092 - Professional Sportsmen
     101146 - Professionals
     1001035 - Programmer application
     1001036 - Programmer systems
     1001412 - Proof reader
     1001318 - Psychiatric social worker
     1001108 - Psychiatrist
     1001135 - Psychologist
     1001461 - Public address equipment operator
     1001238 - Public health inspector
     1001257 - Public health nutritionist
     1001312 - Public relations officer
     1001142 - Publicity writer
     1001772 - Pumping station operator
     1001293 - Purchasing agent
     1001081 - Quantity surveyor
     1002093 - Quantity Surveyor
     1002094 - Quarrying
     1001502 - Quarryman (granite)
     1001503 - Quarryman (sand)
     1002095 - Race Tracks
     1002096 - Racing (Motor / Aircraft / Boat / Horse
     1001329 - Radio & television announcer
     1001612 - Radio, television & radar equipment fitt
     1001955 - Railway and road vehicle loader
     1001878 - Railway brakerman, signalman and shunter
     1001924 - Railway carriage cleaner
     1001876 - Railway engine driver
     1001768 - Railway engine fireman
     1001419 - Railway guard
     1002097 - Railway Workers
     1001694 - Rattan furniture maker
     1001287 - Real estate agent
     1001400 - Receptionist (general)
     1001845 - Refining machien operator (oils and fats
     1001600 - Refrigeration & air-conditioning plant i
     1001774 - Refrigeration system operator
     1001512 - Reinforced concreter (general)
     1001514 - Reinforcing iron worker
     1001278 - Relief teacher
     1002098 - Religious Organization
     1001139 - Reporter
     1002099 - Research & Development Lab
     1001308 - Research officer
     1002100 - Restaurant
     2456 - Retail
     1001567 - Riveter
     1002101 - Road Construction & Maintenance
     1001900 - Road making machine oeprator
     1001518 - Roofer
     1001915 - Room steward/chambermaid
     1001570 - Rope & cable splicer (general)
     1001720 - Rotary driller (petroleum & gas wells)
     1001948 - Rubber coagulator
     1002102 - Rubber Industry (Manufacturing & Process
     1001806 - Rubber laminating machine operator
     1001805 - Rubber millman
     1001945 - Rubber sheets clipper and sorter
     1001239 - Safety inspector (vehicles, processes &
     1001707 - Sail, tent & awning maker
     1001464 - Sales supervisor
     1002103 - Salesman (City
     1002104 - Salesman (Public Markets & Traveling)
     1001799 - Sandblaster/shotblaster (metal)
     1001847 - Sauce making machine operator
     1001831 - Sausage making machine operator
     1001588 - Saw repairer & sharpener
     1001746 - Sawyer
     1001540 - Scaffolder
     1002105 - Scaffolders
     1001112 - School principal
     1002106 - School Teacher (Not Woodwork)
     1002107 - Scientific Instruments & Related
     1001140 - Script writer
     1001145 - Sculptor
     1001906 - Seaman
     1001738 - Seamless pipe & tube drawer
     1001353 - Secretary
     1001281 - Securities broker
     1001373 - Securities clerk
     1002108 - Securities Commodities & Services
     1001963 - Self-employed
     100575 - Service, Shop & Market Sales
     1001783 - Shaping and honing machine setter-operat
     1001556 - Sheet metal worker (general)
     1001949 - Sheet rubber maker
     1001922 - Ship and ship tank cleaner
     1001523 - Ship carpenter
     1001606 - Ship electrician
     1001522 - Ship joiner
     1001215 - Ship master
     1001217 - Ship pilot
     1001566 - Ship plater
     1001572 - Ship rigger
     1001381 - Shipping clerk
     1002109 - Ship's Crew
     1001766 - Ship's fireman
     1001216 - Ship's navigating officer
     1001767 - Ship's oiler & greaser
     1001416 - Ship's purser
     1001209 - Ship's radio officer
     1001713 - Shoemaker
     1001535 - Sign painter
     1001667 - Silk screen printer
     1001153 - Singer
     1001672 - Slaughterer
     1001946 - Smokehouse labourer
     1001947 - Smokehouse stoker
     1001762 - Soap making machine operator
     1001446 - Social escort
     1001031 - Social research analyst
     1001315 - Social welfare worker
     1001314 - Social worker (general)
     1001317 - Social worker, delinquency
     1001131 - Sociologist
     1001039 - Software engineer
     1001101 - Soil scientist
     1002110 - Space & Research Technology
     1001259 - Specialised nurse
     1001106 - Specialised surgeon
     1001820 - Spinner, thread and yarn
     1001340 - Sports coach
     1001341 - Sports official
     1001533 - Spray painter (except construction & mot
     1000971 - Sr government offical
     1000974 - Sr official of employers' organisation
     1000976 - Sr official of other economic-interest o
     1000973 - Sr official of political party organisat
     1000975 - Sr official of workers' organisation
     1000972 - Sr statutory board official
     1001608 - Stage & studio electrician
     1001770 - Stationary engine operator (general)
     1002111 - Stationer
     1001375 - Statistical clerk (general)
     1001307 - Statistical officer
     1001030 - Statistician
     1001304 - Statutory board executive officer
     1002112 - Steel Manufacuring
     1002113 - Steeplejack
     1001355 - Stenographer
     1001656 - Stereotyper
     1001954 - Stevedore
     1002114 - Stock Broker
     1001382 - Stock records clerk
     1001505 - Stone carver
     1001504 - Stone cutter & finisher
     1001509 - Stonemason
     1001383 - Storekeeper
     1001928 - Street sweeper & cleaner (except driver,
     1001562 - Structural metal preparers & erectors
     1001532 - Structural steel & ship painter
     1001563 - Structural steel worker (workshop)
     1001966 - Student
     1001144 - Sub-editor
     1001849 - Sugar processing and refining machine op
     1001500 - Supervisor & general foreman (extraction
     1001545 - Supervisor & general foreman (metal, mac
     1001671 - Supervisor & general foremen (food proce
     1001223 - Supervisor, air transport svs
     1001224 - Supervisor, railway svs (mrt)
     1001225 - Supervisor, road transport svs
     1001206 - Supervisor, telecommunications svs
     1001226 - Supervisor, traffic (ship's cargo)
     1002115 - Surgeon
     1002116 - Surveyor
     1001071 - Surveyor (general)
     1001072 - Surveyor (land)
     1001073 - Surveyor (mine)
     1001074 - Surveyor hydrographic
     1001233 - Surveyor, airworthiness
     1001824 - Sweing machine operator
     1001761 - Synthetic fibre making machine operator
     1001855 - Syrup making machine operator
     1002117 - Tailor
     1001697 - Tailor/dressmaker
     1001882 - Taxi driver
     1002118 - Taxi Driver
     1001242 - Taxidermist
     1001288 - Technical sales representative
     1001289 - Technical service adviser
     1001143 - Technical writer
     1001184 - Technician, aeronautical engineering
     1001186 - Technician, air-conditioning & refrigera
     1001182 - Technician, audio & video equipment
     1001192 - Technician, automation
     1001185 - Technician, automotive engineering
     1001174 - Technician, building
     1001187 - Technician, chemical engineering
     1001170 - Technician, chemistry
     1001172 - Technician, civil engineering
     1001180 - Technician, computer
     1001177 - Technician, electrical engineering
     1001178 - Technician, electronics engineering
     1001188 - Technician, industrial engineering
     1001175 - Technician, land surveying
     1001183 - Technician, mechanical engineering
     1001193 - Technician, mechantronics
     1001211 - Technician, medical x-ray
     1001196 - Technician, petroleum & natural gas extr
     1001195 - Technician, physical metallurgy
     1001171 - Technician, physics
     1001189 - Technician, production engineering
     1001197 - Technician, quantity surveying
     1001194 - Technician, refining & smelting
     1001181 - Technician, semi-conductor
     1001173 - Technician, structural engineering
     1001179 - Technician, telecommunications
     1001190 - Technician, work study
     100574 - Technicians & Assoc.Profession
     1001082 - Technologist ceramics & glass
     1001083 - Technologist food & drink
     1001618 - Telephone & telecommunications installer
     1001623 - Telephone & telecommunications lineman
     1001619 - Telephone & telecommunications mechanic
     1001405 - Telephone operator (telephone exchange)
     1001357 - Teletypist
     1001789 - Terrazzo tile making machine operator
     1001826 - Textile bleaching machine operator
     1001589 - Textile card grinder
     1002119 - Textile Manufacturing
     1002120 - Textile Merchant
     1001668 - Textile printer
     1001830 - Textile products mahcine operator nec
     1001828 - Textile washing and shrinking machine op
     1002121 - Theater Staff
     1001421 - Ticket inspector
     1001558 - Tinsmith
     1001679 - Tobacco preparer
     1002122 - Tobacconist
     1001580 - Tool & die maker
     1001586 - Tool grinder (machine tools)
     1001423 - Tourist guide
     1001041 - Town planner
     1001868 - Toy assembler
     1001299 - Trade broker
     1001890 - Trailer-truck driver
     1001320 - Translator
     1002123 - Transportion Equipment Manufacturing (Ra
     1001399 - Travel agency & related clerk
     1001942 - Tree cutter
     1001896 - Trench digging machine operator
     1002124 - Tunneling
     1001653 - Type-casting machine operator
     1001356 - Typist
     1001804 - Tyre making and vulcanishing machine oep
     1001708 - Umbrella maker
     1001442 - Undertaker
     2457 - Unemployed
     1001965 - Unemployed
     1002134 - Unemployed
     1002125 - Unskilled Laborers
     1002126 - Upholster
     1001883 - Van driver
     1001478 - Vegetable farm worker
     1001686 - Vehicle body builder
     1001607 - Vehicle electrician
     1001704 - Vehicle upholsterer
     1001687 - Veneer applier
     1001747 - Veneer cutter
     1001354 - Verbatim reporter
     1001110 - Veterinarian
     1001265 - Veterinary assistant
     1001094 - Veterinary pathologist
     1002127 - Veterinary Surgeon
     1001371 - Wages clerk
     1001431 - Waiter (general)
     1001536 - Wall/ceiling paperhanger
     1001626 - Watch & clock assembler
     1001627 - Watch & clock repairer
     1001773 - Water treatment plan operator (waterwork
     1001822 - Weaing machine operator
     1002128 - Weapons
     1001554 - Welder
     1002129 - Welderer
     1001722 - Well driller & borer (except oil & gas w
     1001721 - Well puller (petroleum & gas wells)
     1001465 - Wholesale & retail trade salesman
     1001821 - Winder, thread and yarn
     1002130 - Window Cleaner
     1002131 - Wine Merchant
     1001737 - Wire drawer
     1001795 - Wire-coating machine operator
     1001688 - Wood furniture finisher
     1001750 - Wood grader
     1001811 - Wood turner
     1001683 - Wood-treating worker
     1002132 - Woodworking Industry (Excluding Tree Fel
     1001809 - Woodworking mahcine setter-operator
     1002133 - Worker
     1001006 - Working proprietor agriculture & quarryi
     1001005 - Working proprietor bar
     1001004 - Working proprietor cafe, creamery, coffe
     1001008 - Working proprietor construction
     1001010 - Working proprietor finance and insurance
     1001001 - Working proprietor hotel
     1001002 - Working proprietor lodging and boarding
     1001007 - Working proprietor manufacturing
     1001012 - Working proprietor personal & household
     1001011 - Working proprietor real est and biz svs
     1001003 - Working proprietor restaurant and/or nig
     1001000 - Working proprietor retail trade
     1001009 - Working proprietor transport and communi
     1000999 - Working proprietor wholesale trade
     1001086 - Zoologist
  -----
  [9] - Industry Code
  Data type is int
  Value in Message Category CNV4
     1002173 - Administrative & Support
     1002140 - Advertising
     1002142 - Aerospace/Aviation
     1002143 - Airlines
     1002141 - Architect
     1002164 - Arts & Entertainment
     1002156 - Arts/Entertainment/Media
     1002144 - Athletics/Sports
     1002165 - Automobile/Transportation
     1002135 - Banking & Finance
     1002145 - Biotechnology
     1002146 - Building & Construction
     1002166 - Business
     1002181 - Chemicals
     1002167 - Consulting
     1002162 - Education
     1002147 - Electronics
     1002158 - Energy/Mining/Oil & Gas
     1002148 - Engineering
     1002150 - F&B
     1002149 - Fashion
     1002151 - Freight Forwarding/Delivery
     1002137 - Government
     1002153 - Healthcare/Medical
     1002152 - Hotel & Restaurant
     1002174 - Human Resources
     1002154 - Information Technology/Multimedia
     1002168 - Insurance
     1002169 - Law/Legal
     1002180 - Leisure/Recreation
     1002155 - Manufacturing
     1002175 - Marine
     1002138 - Military
     1002157 - Models/Singers/Musicians
     1002178 - Not Applicable
     1002179 - Optometry
     1002172 - Others
     1002159 - Property/Real Estate
     1002176 - Religion
     1002177 - Research & Development
     1002160 - Retail & Services
     1002170 - Sales & Marketing
     1002139 - Singapore Police Force
     1002161 - Social & Community Services
     1002171 - Telecommunication
     1002163 - Tourism
     1002136 - Transportation
  -----
  [10] - Marital Status Code
  Data type is int
  Value in Message Category 12
     100641 - Divorced
     101131 - Married
     100480 - Others
     100861 - Separated
     100724 - Single
  -----
  [11] - Height
  Data type is string[10]
  -----
  [12] - Weight
  Data type is string[10]

--------------------
DEPENDENT|[2]|[3]|[4]
SegmentKey: DEPENDENT
Use this segment to link the policy holder to spouse and dependents.
--------------------
  [2] - Account ID
  Field is Required
  Data type is string[9]
  Primary Account ID.  May use macro representing account id.
  -----
  [3] - Dependent Account ID
  Field is Required
  Data type is string[9]
  Person related to Primary Account ID. May use macro representing account id.
  -----
  [4] - Relationship Code
  Field is Required
  Data type is int
  Value in Message Category 32 (Relationships).  Relationship to Primary Account ID.
     100689 - 3rdContact
     216 - Beneficiary
     100588 - Brother
     210 - Daughter
     211 - Dependent
     212 - Father
     101070 - Father-In-Law
     100978 - friend
     207 - Husband
     213 - Mother
     100662 - Mother-In-Law
     100584 - Nephew
     100764 - Niece
     217 - Policy Holder
     100836 - relative
     100826 - Sister
     101101 - Sister-In-Law
     209 - Son
     214 - Spouse
     215 - Unknown
     208 - Wife

--------------------
CLAIM_DIARY|[2]
SegmentKey: CLAIM_DIARY
--------------------
  [2] - Message
  Field is Required
  Data type is string[10500]

--------------------
DIARY|[2]
SegmentKey: DIARY
--------------------
  [2] - Message
  Data type is string[999]

--------------------
SENSITIVITY|[2]|[3]
SegmentKey: SENSITIVITY
--------------------
  [2] - Account ID
  Field is Required
  Data type is string[9]
  May use macro representing account id.
  -----
  [3] - Sensitivity Code
  Field is Required
  Data type is int
  Value in Message Category 42 (Sensitivity Code)
     101055 - Bad Account
     100937 - Chief Justice
     100915 - Child Med Excl-See Ind Policy
     100585 - Citibank Staff
     100648 - Competitor
     228 - Complaint Registered
     100847 - Deceased
     101144 - Diplomat
     100772 - Do not change ph name sequence
     100971 - Driver
     100499 - Exceed u/w limit for HIP
     101120 - Exceed u/w limit for PA
     101011 - Hazardous Occupation
     100873 - Holder of Multiple Policies
     100870 - Insurance Agent
     101013 - Law Enforcement Ofr/Civil Def
     100733 - Medical Excl - See Indiv Pol
     100567 - Missing : date of birth
     101005 - Missing : telephone number
     100734 - No Call - Home
     100671 - No Call - Home & Office
     101147 - No Call - Office
     100482 - No correspondence to Customer
     101112 - No Dependent Enrolment
     100714 - No Dependent HIP Enrl
     100846 - No Dependent PA Enrl
     100572 - No Further Enrolment
     100735 - No Further HIP Enrolment
     101102 - No Further PA Enrolment
     100625 - No PH DD Enrolment
     100843 - No Spouse DD Enrolment
     100776 - No Spouse Enrolment
     100983 - No Spouse HIP Enrolment
     101107 - No Spouse PA Enrolment
     101121 - No Upgrade of Plan
     100759 - Refer diary message
     100913 - Refer Herman Diary
     100542 - Refer Over-Insured Spreadsheet
     100621 - Refrain from SMS blast
     100696 - Refrain from TM activity
     100669 - Regular Claimant
     101143 - Returned mail : No such addres
     100877 - SAF Personnel
     100972 - See Brokerage on payment hist
     100933 - Senior Govt Official
     100522 - Sensitive
     100659 - Sponsor - biz partner
     101118 - Spouse Deceased
     101036 - Spouse Hazardous Occupation
     100911 - Spouse Insurance Agent
     100538 - Spouse Medical Exc-See Ind Pol
     101060 - Staff Account
     100702 - Suspicious Claim(s)
     100906 - Taxi Driver
     101023 - TM Uncontactable
     100623 - Unsubscribe-Email

--------------------
SUPPRESS|[2]|[3]
SegmentKey: SUPPRESS
--------------------
  [2] - Account ID
  Field is Required
  Data type is string[9]
  May use macro representing account id.
  -----
  [3] - Reason
  Field is Required
  Data type is int
  Value in Message Category 37 (Suppression Code)
     100892 - Fulfillment via Email
     100935 - No Call - Home
     100725 - No Call - Home and Office
     100517 - No Call - Office
     100642 - No Promotional Mail

--------------------
COMPLAINT|[2]|[3]|[4]|[5]|[6]|[7]|[8]|[9]|[10]|[11]|[12]|[13]|[14]|[15]
SegmentKey: COMPLAINT
--------------------
  [2] - Reason
  Field is Required
  Data type is int
  Must be 'new'and Reason for Complaint. Value from Message Category C5 (Reason)
     380 - Billing Dispute
     382 - Claim Related
     378 - Enrollment Dispute
     383 - Other
     381 - Service Complaint
     379 - Sponsor Complaint
  -----
  [3] - Action
  Field is Required
  Data type is int
  Must provide complaint Action for new complaint. Value from Message Category C3 (Action)
     368 - CS Investigating
     364 - Pending Claim
     366 - Pending Higher Authority
     369 - Pending Operation
     367 - Pending Sponsor
     365 - Pending TM
     370 - Pending Underwriting/DM
  -----
  [4] - Assigned To
  Field is Required
  Data type is string[15]
  Must assign operator for new complaint.
  -----
  [5] - Received Via
  Field is Required
  Data type is int
  Must provide the Received channel of the the complaint. Value from Message Category C2 (Received channel)
     361 - E-Mail
     360 - Fax
     363 - Phone
     362 - Walk-In
     359 - Write-In
  -----
  [6] - Complainant
  Field is Required
  Data type is int
  Must provide the Initiator of the complaint. Value from Message Category C1 (Initiator)
     357 - Family of Policy Holder
     358 - Others
     355 - Policy Holder
     356 - Sponsor
  -----
  [7] - Reference Type
  Field is Required
  Data type is int
  Must provide the Reference type for the complaint. Value from Message Category CR (Reference Type)
     1663 - Campaign
     1664 - Policy
     1665 - Seller
  -----
  [8] - Reference
  Data type is string[300]
  This field is optional. Allows to enter the reference values based on the reference type (for example, if reference type is 'P' then reference value should be policy1,policy2,policy3)
  -----
  [9] - Standard Complaint1
  Data type is int
  This field is optional. Value from Message Category 23 (Standard Complaint)
     101109 - Aggressive Sales tactics
     100565 - Billing Dispute
     100713 - Churning
     101062 - Claims Related
     101098 - Delay/failure in process
     100628 - Disclosure issues
     100833 - Disputes over claim amt awardd
     100618 - Disputes over liability
     100771 - Disputes ovr uw decision (new)
     101031 - Disputes ovr uw decision-renew
     101092 - Enrolment dispute
     101032 - Fraud/forgery
     100775 - Inappropriate advice
     101050 - Junk Mail
     100708 - Misrepresentation
     100793 - NR of Policy
     101053 - Others
     100537 - Replacement of policy
     100647 - Service Complaint
     100613 - Staff Related Issues
     101038 - Unauthorised transaction
  -----
  [10] - Standard Complaint4
  Data type is int
  This field is optional. Value from Message Category 23 (Standard Complaint)
     101109 - Aggressive Sales tactics
     100565 - Billing Dispute
     100713 - Churning
     101062 - Claims Related
     101098 - Delay/failure in process
     100628 - Disclosure issues
     100833 - Disputes over claim amt awardd
     100618 - Disputes over liability
     100771 - Disputes ovr uw decision (new)
     101031 - Disputes ovr uw decision-renew
     101092 - Enrolment dispute
     101032 - Fraud/forgery
     100775 - Inappropriate advice
     101050 - Junk Mail
     100708 - Misrepresentation
     100793 - NR of Policy
     101053 - Others
     100537 - Replacement of policy
     100647 - Service Complaint
     100613 - Staff Related Issues
     101038 - Unauthorised transaction
  -----
  [11] - Standard Complaint3
  Data type is int
  This field is optional. Value from Message Category 23 (Standard Complaint)
     101109 - Aggressive Sales tactics
     100565 - Billing Dispute
     100713 - Churning
     101062 - Claims Related
     101098 - Delay/failure in process
     100628 - Disclosure issues
     100833 - Disputes over claim amt awardd
     100618 - Disputes over liability
     100771 - Disputes ovr uw decision (new)
     101031 - Disputes ovr uw decision-renew
     101092 - Enrolment dispute
     101032 - Fraud/forgery
     100775 - Inappropriate advice
     101050 - Junk Mail
     100708 - Misrepresentation
     100793 - NR of Policy
     101053 - Others
     100537 - Replacement of policy
     100647 - Service Complaint
     100613 - Staff Related Issues
     101038 - Unauthorised transaction
  -----
  [12] - Standard Complaint4
  Data type is int
  This field is optional. Value from Message Category 23 (Standard Complaint)
     101109 - Aggressive Sales tactics
     100565 - Billing Dispute
     100713 - Churning
     101062 - Claims Related
     101098 - Delay/failure in process
     100628 - Disclosure issues
     100833 - Disputes over claim amt awardd
     100618 - Disputes over liability
     100771 - Disputes ovr uw decision (new)
     101031 - Disputes ovr uw decision-renew
     101092 - Enrolment dispute
     101032 - Fraud/forgery
     100775 - Inappropriate advice
     101050 - Junk Mail
     100708 - Misrepresentation
     100793 - NR of Policy
     101053 - Others
     100537 - Replacement of policy
     100647 - Service Complaint
     100613 - Staff Related Issues
     101038 - Unauthorised transaction
  -----
  [13] - Standard Complaint5
  Data type is int
  This field is optional. Value from Message Category 23 (Standard Complaint)
     101109 - Aggressive Sales tactics
     100565 - Billing Dispute
     100713 - Churning
     101062 - Claims Related
     101098 - Delay/failure in process
     100628 - Disclosure issues
     100833 - Disputes over claim amt awardd
     100618 - Disputes over liability
     100771 - Disputes ovr uw decision (new)
     101031 - Disputes ovr uw decision-renew
     101092 - Enrolment dispute
     101032 - Fraud/forgery
     100775 - Inappropriate advice
     101050 - Junk Mail
     100708 - Misrepresentation
     100793 - NR of Policy
     101053 - Others
     100537 - Replacement of policy
     100647 - Service Complaint
     100613 - Staff Related Issues
     101038 - Unauthorised transaction
  -----
  [14] - Correspondence Type
  Field is Required
  Data type is int
  Value from message category DLVRYCHN.
     1993 - E-Mail
     1994 - Print
     1995 - Print Preview
     1807 - Test Print Output
  -----
  [15] - Comments
  Data type is string[10500]
  Free text.

--------------------
CALLBACK|[2]|[3]|[4]|[5]|[6]|[7]
SegmentKey: CALLBACK
--------------------
  [2] - Reason
  Field is Required
  Data type is string[3000]
  Must provide the Reason for call back.
  -----
  [3] - Phone
  Field is Required
  Data type is string[20]
  Must provide contact phone number of the person for call back.
  -----
  [4] - Assigned To
  Field is Required
  Data type is string[15]
  Must assign operator code for new call back.
  -----
  [5] - Contact Person Name
  Data type is string[150]
  If customer name is provided in this field it will consider, else it will update the name of the customer associated with this Acct Id.
  -----
  [6] - Priority
  Field is Required
  Data type is int
  Must assign the priority value for the call back. Value from Message Category ZZ (Priority)
     1658 - High
     1656 - Low
     1657 - Medium
  -----
  [7] - Call When
  Field is Required
  Data type is timestamp
  Must assign the callwhen Timestamp value for the call back. It should be in 'YYYY-MM-dd hh:mm' format.

--------------------
TRANSACTION|[2]|[3]|[4]|[5]|[6]|[7]
SegmentKey: TRANSACTION
Segment is required
--------------------
  [2] - Effective Date
  Field is Required
  Data type is datetime
  -----
  [3] - Account ID for Session
  Field is Required
  Data type is string[9]
  May use macro representing account id.
  -----
  [4] - CorrespondenceType
  Data type is int
  From message category DLVRYCHN.
     1993 - E-Mail
     0 - None
     1994 - Print
     1995 - Print Preview
     1807 - Test Print Output
  -----
  [5] - Free Text
  Data type is string[400]
  -----
  [6] - Application Date
  Data type is datetime
  -----
  [7] - Application Number
  Data type is string[30]

--------------------
BILL|[2]
SegmentKey: BILL
--------------------
  [2] - Immediate Bill Code
  Field is Required
  Data type is int
  Value from message category 'IMMBILL'
     2052 - Bill immediately
     2051 - Bill immediately and reconcile to Paid
     2050 - Do not bill immediately

--------------------
TRANNEW|SG12019401|[3]|[4]|[5]|[6]|[7]|[8]
SegmentKey: TRANNEW
Segment is required
--------------------
  [2] - Split ID
  Field is Required
  Must be "SG12019401"
  Data type is string[12]
  -----
  [3] - Seller ID
  Field is Required
  Data type is string[10]
  Free text to identify seller.
  -----
  [4] - Suspension Reason 1
  Data type is int
  Value in Message Category SS (S6 Policy Suspend Reasons)
     101094 - Awaiting cancellation
     1410 - Awaiting Customer GIRO Form
     1407 - Awaiting GIRO/DDA Approval
     1406 - Batch Assigned - Poss. Miss
     1409 - Bounceback
     1414 - Campaign Suspension
     1408 - Data Incomplete
     1412 - General Policy Hold
     1415 - Lapsation - 2+ Months Unpaid
     1411 - Missing Required Data Elements
     1416 - New Registration - AutoSuspend
     1417 - Premium Check Failed
     100828 - ROP maturity
     1413 - Security Hold
     100831 - SPACE/Bot upload-retn f chking
     100802 - U/W Pend Indemnity Approval
  -----
  [5] - Suspension Reason 2
  Data type is int
  Value in Message Category SS (S6 Policy Suspend Reasons)
     101094 - Awaiting cancellation
     1410 - Awaiting Customer GIRO Form
     1407 - Awaiting GIRO/DDA Approval
     1406 - Batch Assigned - Poss. Miss
     1409 - Bounceback
     1414 - Campaign Suspension
     1408 - Data Incomplete
     1412 - General Policy Hold
     1415 - Lapsation - 2+ Months Unpaid
     1411 - Missing Required Data Elements
     1416 - New Registration - AutoSuspend
     1417 - Premium Check Failed
     100828 - ROP maturity
     1413 - Security Hold
     100831 - SPACE/Bot upload-retn f chking
     100802 - U/W Pend Indemnity Approval
  -----
  [6] - Suspension Reason 3
  Data type is int
  Value in Message Category SS (S6 Policy Suspend Reasons)
     101094 - Awaiting cancellation
     1410 - Awaiting Customer GIRO Form
     1407 - Awaiting GIRO/DDA Approval
     1406 - Batch Assigned - Poss. Miss
     1409 - Bounceback
     1414 - Campaign Suspension
     1408 - Data Incomplete
     1412 - General Policy Hold
     1415 - Lapsation - 2+ Months Unpaid
     1411 - Missing Required Data Elements
     1416 - New Registration - AutoSuspend
     1417 - Premium Check Failed
     100828 - ROP maturity
     1413 - Security Hold
     100831 - SPACE/Bot upload-retn f chking
     100802 - U/W Pend Indemnity Approval
  -----
  [7] - Replaced Policy
  Data type is string[15]
  Prior policy that was replaced with this NEW policy.
  -----
  [8] - Policy Expiration Date
  Field is Required
  Data type is datetime

--------------------
TRIP|[2]|[3]|[4]|[5]|[6]|[7]|[8]|[9]|[10]|[11]
SegmentKey: TRIP
--------------------
  [2] - Event From Date
  Field is Required
  Data type is datetime
  Must be within 1 week of the current date
  -----
  [3] - Event To Date
  Field is Required
  Data type is datetime
  Must be later than the 'from' date above
  -----
  [4] - Event Destination 1
  Field is Required
  Data type is int
  msg key Value in Message Category 27 (Country) (must be at least 1 destination)
  -----
  [5] - Event Destination 2
  Data type is int
  msg key Value in Message Category 27 (Country)
  -----
  [6] - Event Destination 3
  Data type is int
  msg key Value in Message Category 27 (Country)
  -----
  [7] - Event Destination 4
  Data type is int
  msg key Value in Message Category 27 (Country)
  -----
  [8] - Event Destination 5
  Data type is int
  msg key Value in Message Category 27 (Country)
  -----
  [9] - Event Destination 6
  Data type is int
  msg key Value in Message Category 27 (Country)
  -----
  [10] - Event Destination 7
  Data type is int
  msg key Value in Message Category 27 (Country)
  -----
  [11] - Event Destination 8
  Data type is int
  msg key Value in Message Category 27 (Country)

--------------------
MASTER|[2]|[3]
SegmentKey: MASTER
Segment is required
--------------------
  [2] - Policy Holder Account ID
  Field is Required
  Data type is string[9]
  May use macro representing account id.
  -----
  [3] - Policy Holder Address Type
  Field is Required
  Data type is int
  Value in Message Category 39 (Address Types)
     100895 - Email
     219 - Home
     220 - Mail
     100875 - Property
     100968 - Temphome
     100830 - Tempwork
     100785 - Vacation
     221 - Work

--------------------
PAYMENT|[2]|[3]|885|873|[6]||||||[12]|BRD  |[14]|[15]|[16]|[17]
SegmentKey: PAYMENT
Segment is required
--------------------
  [2] - Policy Payer Account ID
  Field is Required
  Data type is string[9]
  May use macro representing account id.
  -----
  [3] - Policy Payer Address Type
  Field is Required
  Data type is int
  Value in Message Category 39 (Address Types)
     100895 - Email
     219 - Home
     220 - Mail
     100875 - Property
     100968 - Temphome
     100830 - Tempwork
     100785 - Vacation
     221 - Work
  -----
  [4] - Payment Method Code
  Field is Required
  Must be "885"
  Data type is int
  Value in Message Category L6 (Payment Method).  Must match options for split in LJA_PAY_OPTIONS table.
     885 - Bordereaux Billing
  -----
  [5] - Payment Frequency Code
  Field is Required
  Must be "873"
  Data type is int
  Value in Message Category L5 (Payment Frequency). Must match frequencies specified in LJA_PAY_FREQ table.
     873 - Annual
  -----
  [6] - Bill Account Number
  Data type is string[30]
  Required for Credit Card, GIRO and DDA payment methods.
  -----
  [7] - Credit Card Expiration
  Must be left empty
  -----
  [8] - Bank Code
  Must be left empty
  -----
  [9] - Bank Branch Code
  Must be left empty
  -----
  [10] - Credit Card Code
  Must be left empty
  -----
  [11] - Tax Jurisdiction Code
  Must be left empty
  -----
  [12] - Name on Billing
  Data type is string[50]
  -----
  [13] - Collector Code
  Must be "BRD  "
  Data type is string[5]
  This value will be set automatically for credit card and dda payment methods.
     BRD   - Bordereaux Billing
  -----
  [14] - Employee Number
  Data type is string[20]
  Associated primarily with ESB policies
  -----
  [15] - Debit Day of Month
  Data type is int
  -----
  [16] - Tax Application Code
  Field is Required
  Data type is int
  Value in Message Category SE (S6 Tax Application Reasons)
     1956 - All taxes included in amount
     2191 - Force direct tax computation on premium or benefit
     2165 - Includes VAT only, No Stamp Duty
     1396 - No taxes included in amount
     2150 - Tax Charge
     100790 - Tax Exclusion : NCB refund
     100515 - Tax Exclusions : INA absorbing
     101052 - Tax Exclusions : Non-resident
     2151 - Tax Refund
     1395 - Use normal tax rules for amount
  -----
  [17] - Last 5 Bill Account Number
  Data type is string[5]
  Last 5 Bill Account number from the Bill Account Number field in POL_PAYMENT

--------------------
BILLDATES|[2]|[3]
SegmentKey: BILLDATES
--------------------
  [2] - Billed To Date
  Data type is datetime
  -----
  [3] - Paid To Date
  Data type is datetime

--------------------
PRODUCT|AZHM03|[3]|[4]|[5]|[6]|[7]
SegmentKey: PRODUCT-AZHM03
Segment is required
--------------------
  [2] - Product ID
  Field is Required
  Must be "AZHM03"
  Data type is string[6]
  Fire Insurance (Renewal-Revised Setup)
  -----
  [3] - Coverage Code
  Field is Required
  Data type is int
  Who is covered - Message category COVERAGE
     1682 - Main Insured and Family
     1681 - Main Insured and Spouse
     1680 - Main Insured Only
  -----
  [4] - Number of Eligible Dependents
  Data type is int
  -----
  [5] - Premium Override Amount
  Data type is double
  -----
  [6] - Premium Override Expire
  Data type is string[5]
  If present, format MM/YY.
  -----
  [7] - Premium Override Reason
  Data type is int
  Value in Message Category SW (S6 Premium Override Reasons)
     100838 - Goodhealth Premium
     100612 - Incorrect Date Of Birth
     100619 - Incorrect Prem (at Conversion)
     100773 - Incorrect Prem (PM vs Mkt Mat)
     100766 - Incorrect Rating Factor
     100484 - Incorrect Sex Code Used
     0 - None
     100491 - Staff Premium

--------------------
RATING_INDIVIDUAL|AZHM03|[3]|[4]|1|1||||||||||||||||||||
SegmentKey: RATING_INDIVIDUAL-AZHM03
Segment is required
--------------------
  [2] - Product ID
  Field is Required
  Must be "AZHM03"
  Data type is string[6]
  -----
  [3] - Individual
  Field is Required
  Data type is string[2]
  May be MI,SP or DP.
     DP - Dependent
     MI - Main Insured
     SP - Spouse
  -----
  [4] - Account ID
  Field is Required
  Data type is string[9]
  Required only for individually rated product dependents that are rated separately for each dependent. May use macro representing account id.
  -----
  [5] - Benefit Level
  Field is Required
  Must be "1"
  Data type is int
  Minimum value is 1
  Maximum value is 1
  Must be level allowed by PM product definition.
     1 - STANDARD                      
  -----
  [6] - Units
  Field is Required
  Must be "1"
  Data type is double
  Minimum value is 1
  Maximum value is 1
  Must be in PM product units range.
  -----
  [7] - Rating Factor 1
  Must be left empty
  -----
  [8] - Rating Factor 2
  Must be left empty
  -----
  [9] - Rating Factor 3
  Must be left empty
  -----
  [10] - Rating Factor 4
  Must be left empty
  -----
  [11] - Rating Factor 5
  Must be left empty
  -----
  [12] - Rating Factor 6
  Must be left empty
  -----
  [13] - Rating Factor 7
  Must be left empty
  -----
  [14] - Rating Factor 8
  Must be left empty
  -----
  [15] - Rating Factor 9
  Must be left empty
  -----
  [16] - Rating Factor 10
  Must be left empty
  -----
  [17] - Benefit Rating Factor 1
  Must be left empty
  -----
  [18] - Benefit Rating Factor 2
  Must be left empty
  -----
  [19] - Benefit Rating Factor 3
  Must be left empty
  -----
  [20] - Benefit Rating Factor 4
  Must be left empty
  -----
  [21] - Benefit Rating Factor 5
  Must be left empty
  -----
  [22] - Benefit Rating Factor 6
  Must be left empty
  -----
  [23] - Benefit Rating Factor 7
  Must be left empty
  -----
  [24] - Benefit Rating Factor 8
  Must be left empty
  -----
  [25] - Benefit Rating Factor 9
  Must be left empty
  -----
  [26] - Benefit Rating Factor 10
  Must be left empty

--------------------
PROD_DATA|AZHM03||[4]|[5]|[6]
SegmentKey: PROD_DATA-AZHM03
Segment is required
--------------------
  [2] - Product ID
  Field is Required
  Must be "AZHM03"
  Data type is string[6]
  -----
  [3] - Account ID
  Field is Required
  Must be ""
  Data type is string[9]
  -----
  [4] - Category
  Field is Required
  Data type is int
  One of the message key values in the PM_PROD_SPECIFIC_DETAIL record for product.
     100897 - SR Addr line 1 of 4
     100827 - SR Addr Line 2 of 4
     100699 - SR Addr Line 3 of 4
     101028 - SR Addr Line 4 of 4
  -----
  [5] - Counter
  Field is Required
  Data type is int
  Used when multiple values for category are permitted.
  -----
  [6] - Value
  Field is Required
  Data type is string[120]
  Contains value associated with the specified category.

--------------------
INSURED|AZHM03|[3]|[4]
SegmentKey: INSURED-AZHM03
Segment is required
--------------------
  [2] - Product ID
  Field is Required
  Must be "AZHM03"
  Data type is string[6]
  -----
  [3] - Account ID
  Field is Required
  Data type is string[9]
  May use macro representing account id.
  -----
  [4] - Relationship Code
  Field is Required
  Data type is int
  Must be value in INSURED message category.
     1679 - Dependent
     1677 - Main Insured
     1678 - Spouse

--------------------
BENEFICIARY|AZHM03|[3]|[4]
SegmentKey: BENEFICIARY-AZHM03
--------------------
  [2] - Product ID
  Field is Required
  Must be "AZHM03"
  Data type is string[6]
  -----
  [3] - Account ID
  Field is Required
  Data type is string[9]
  May use macro representing account id.
  -----
  [4] - Text
  Field is Required
  Data type is string[400]
  Text with beneficiary info.

--------------------
BENEF_DETAIL|AZHM03|[3]|[4]|[5]|[6]
SegmentKey: BENEF_DETAIL-AZHM03
--------------------
  [2] - Product ID
  Field is Required
  Must be "AZHM03"
  Data type is string[6]
  -----
  [3] - Account ID
  Field is Required
  Data type is string[9]
  May use macro representing account id.
  -----
  [4] - Name
  Field is Required
  Data type is string[40]
  Name of beneficiary
  -----
  [5] - Relationship
  Field is Required
  Data type is string[25]
  Relationship of beneficiary (free text)
  -----
  [6] - Percentage
  Field is Required
  Data type is double
  Percentage of benefit that goes to beneficiary (all details for product/acctid must sum to 100.0)

--------------------
EXCLUSION|AZHM03|[3]|[4]
SegmentKey: EXCLUSION-AZHM03
--------------------
  [2] - Product ID
  Field is Required
  Must be "AZHM03"
  Data type is string[6]
  -----
  [3] - Account ID
  Field is Required
  Data type is string[9]
  May use macro representing account id.
  -----
  [4] - Exclusion Code
  Field is Required
  Data type is int
  Value is Message Category CONV5

--------------------
HEALTH_HIST|[2]|[3]
SegmentKey: HEALTH_HIST
--------------------
  [2] - Account ID
  Field is Required
  Data type is string[9]
  May use macro representing account id.
  -----
  [3] - History
  Field is Required
  Data type is string[500]

--------------------
POLREF|[2]|[3]
SegmentKey: POLREF
--------------------
  [2] - Reference Key
  Field is Required
  Data type is int
  Must match available reference key category ('POLREF' category)
     1691 - Prospect Reference
     1687 - REF1
     1696 - REF10
     1688 - REF2
     1689 - REF3
     1690 - REF4
     1692 - REF6
     1693 - REF7
     1694 - REF8
     1695 - REF9
  -----
  [3] - Reference Text
  Field is Required
  Data type is string[120]
  Free text

--------------------
PREMCHECK|[2]|[3]
SegmentKey: PREMCHECK
--------------------
  [2] - Premium Amount
  Field is Required
  Data type is double
  -----
  [3] - PremCheck Action
  Field is Required
  Data type is string[7]
  Default value is SUSPEND
  Must be 'suspend' or 'error'. Defaults to 'suspend' if not provided.
     suspend
     error

--------------------
END
SegmentKey: END
Segment is required
--------------------


------------------------------------------------
Classic Transaction Template (With Field Names)
------------------------------------------------
BEGIN|?_RunID|?_SequenceNumber|NEW|SG|?_PolicyNumber|?_ProviderID
BASDEMO|?_AccountID|?_LastName|?_FirstName|?_MiddleName|?_Nickname|?_FormalName|?_Title|?_LanguageCode|?_PersonalID|?_NameSequenceCode|?_BirthDate|?_SexCode|?_EMailAddress|?_EMailFulfill|?_ProspectReference||?_PersonalityCode|?_ProfitCode|?_AlternateFirstName|?_AlternateLastName
ADDRESS|?_AddressID|?_AddressLine1|?_AddressLine2|?_AddressLine3|?_AddressLine4|?_PostalCode|?_City||?_CountryCode|?_PhoneNumber|?_FaxPhone|?_CompanyCode|?_CellPhone
ADDRTYPE|?_AccountID|?_AddressID|?_AddressTypeCode
PERSDEMO|?_AccountID|?_CallPreferenceCode|?_NationalityCode|?_RaceCode|?_ReligionCode|?_EducationCode|?_OccupationCode|?_IndustryCode|?_MaritalStatusCode|?_Height|?_Weight
DEPENDENT|?_AccountID|?_DependentAccountID|?_RelationshipCode
CLAIM_DIARY|?_Message
DIARY|?_Message
SENSITIVITY|?_AccountID|?_SensitivityCode
SUPPRESS|?_AccountID|?_Reason
COMPLAINT|?_Reason|?_Action|?_OperatorAssigned|?_ReceivedChannel|?_Initiator|?_SourceType|?_Source|?_StandardComplaint1|?_StandardComplaint2|?_StandardComplaint3|?_StandardComplaint4|?_StandardComplaint5|?_CorrespondenceType|?_Comments
CALLBACK|?_Reason|?_ContactPhone|?_OperatorAssigned|?_ContactPerson|?_Priority|?_CallWhen
TRANSACTION|?_EffectiveDate|?_AccountID|?_CorrespondenceType|?_FreeText|?_ApplicationDate|?_ApplicationNumber
BILL|?_ImmediateBillCode
TRANNEW|SG12019401|?_SellerID|?_SuspensionReason1|?_SuspensionReason2|?_SuspensionReason3|?_ReplacedPolicy|?_PolicyExpirationDate
TRIP|?_EventFromDate|?_EventToDate|?_EventDestination1|?_EventDestination2|?_EventDestination3|?_EventDestination4|?_EventDestination5|?_EventDestination6|?_EventDestination7|?_EventDestination8
MASTER|?_PolicyHolderAccountID|?_PolicyHolderAddressType
PAYMENT|?_PolicyPayerAccountID|?_PolicyPayerAddressType|885|873|?_BillAccountNumber||||||?_NameOnBilling|BRD  |?_EmployeeNumber|?_DebitDayOfMonth|?_TaxApplicationCode|?_Last5BillAcctNum
BILLDATES|?_BilledToDate|?_PaidToDate
PRODUCT|AZHM03|?_CoverageCode|?_NumberOfEligibleDependents|?_PremiumOverrideAmount|?_PremiumOverrideExpire|?_PremiumOverrideReason
RATING_INDIVIDUAL|AZHM03|?_Individual|?_AccountID|1|1||||||||||||||||||||
PROD_DATA|AZHM03||?_Category|?_Counter|?_Value
INSURED|AZHM03|?_AccountID|?_RelationshipCode
BENEFICIARY|AZHM03|?_AccountID|?_Text
BENEF_DETAIL|AZHM03|?_AccountID|?_Name|?_Relationship|?_Percentage
EXCLUSION|AZHM03|?_AccountID|?_ExclusionCode
HEALTH_HIST|?_AccountID|?_History
POLREF|?_ReferenceKey|?_ReferenceText
PREMCHECK|?_PremiumAmount|?_PremCheckAction
END
------------------------------------

BOTLAidDataSet written to d:\s6work\BOTLAID.NEW.SG12019401.xml

Finished processing at 7:06:10 PM on 10/6/2012.
Total duration from start of program was 0 hours, 0 minutes, 4.758 seconds.
